<?xml version="1.0" encoding="UTF-8" ?>
<testsuite tests="2" failures="1" name="com.niit.FreyaBackend.BlogTest" time="0.254" errors="0" skipped="0">
  <properties>
[...]
</properties>
  <testcase classname="com.niit.FreyaBackend.BlogTest" name="TestListBlog" time="0.213">
    <failure message="Problem in Listing Blogs" type="java.lang.AssertionError">java.lang.AssertionError: Problem in Listing Blogs
	at org.junit.Assert.fail(Assert.java:88)
	at org.junit.Assert.assertTrue(Assert.java:41)
	at com.niit.FreyaBackend.BlogTest.TestListBlog(BlogTest.java:40)
	at sun.reflect.NativeMethodAccessorImpl.invoke0(Native Method)
	at sun.reflect.NativeMethodAccessorImpl.invoke(NativeMethodAccessorImpl.java:62)
	at sun.reflect.DelegatingMethodAccessorImpl.invoke(DelegatingMethodAccessorImpl.java:43)
	at java.lang.reflect.Method.invoke(Method.java:498)
	at org.junit.runners.model.FrameworkMethod$1.runReflectiveCall(FrameworkMethod.java:50)
	at org.junit.internal.runners.model.ReflectiveCallable.run(ReflectiveCallable.java:12)
	at org.junit.runners.model.FrameworkMethod.invokeExplosively(FrameworkMethod.java:47)
	at org.junit.internal.runners.statements.InvokeMethod.evaluate(InvokeMethod.java:17)
	at org.springframework.test.context.junit4.statements.RunBeforeTestMethodCallbacks.evaluate(RunBeforeTestMethodCallbacks.java:75)
	at org.springframework.test.context.junit4.statements.RunAfterTestMethodCallbacks.evaluate(RunAfterTestMethodCallbacks.java:86)
	at org.springframework.test.context.junit4.statements.SpringRepeat.evaluate(SpringRepeat.java:84)
	at org.junit.runners.ParentRunner.runLeaf(ParentRunner.java:325)
	at org.springframework.test.context.junit4.SpringJUnit4ClassRunner.runChild(SpringJUnit4ClassRunner.java:252)
	at org.springframework.test.context.junit4.SpringJUnit4ClassRunner.runChild(SpringJUnit4ClassRunner.java:94)
	at org.junit.runners.ParentRunner$3.run(ParentRunner.java:290)
	at org.junit.runners.ParentRunner$1.schedule(ParentRunner.java:71)
	at org.junit.runners.ParentRunner.runChildren(ParentRunner.java:288)
	at org.junit.runners.ParentRunner.access$000(ParentRunner.java:58)
	at org.junit.runners.ParentRunner$2.evaluate(ParentRunner.java:268)
	at org.springframework.test.context.junit4.statements.RunBeforeTestClassCallbacks.evaluate(RunBeforeTestClassCallbacks.java:61)
	at org.springframework.test.context.junit4.statements.RunAfterTestClassCallbacks.evaluate(RunAfterTestClassCallbacks.java:70)
	at org.junit.runners.ParentRunner.run(ParentRunner.java:363)
	at org.springframework.test.context.junit4.SpringJUnit4ClassRunner.run(SpringJUnit4ClassRunner.java:191)
	at org.apache.maven.surefire.junit4.JUnit4Provider.execute(JUnit4Provider.java:252)
	at org.apache.maven.surefire.junit4.JUnit4Provider.executeTestSet(JUnit4Provider.java:141)
	at org.apache.maven.surefire.junit4.JUnit4Provider.invoke(JUnit4Provider.java:112)
	at sun.reflect.NativeMethodAccessorImpl.invoke0(Native Method)
	at sun.reflect.NativeMethodAccessorImpl.invoke(NativeMethodAccessorImpl.java:62)
	at sun.reflect.DelegatingMethodAccessorImpl.invoke(DelegatingMethodAccessorImpl.java:43)
	at java.lang.reflect.Method.invoke(Method.java:498)
	at org.apache.maven.surefire.util.ReflectionUtils.invokeMethodWithArray(ReflectionUtils.java:189)
	at org.apache.maven.surefire.booter.ProviderFactory$ProviderProxy.invoke(ProviderFactory.java:165)
	at org.apache.maven.surefire.booter.ProviderFactory.invokeProvider(ProviderFactory.java:85)
	at org.apache.maven.surefire.booter.ForkedBooter.runSuitesInProcess(ForkedBooter.java:115)
	at org.apache.maven.surefire.booter.ForkedBooter.main(ForkedBooter.java:75)
</failure>
    <system-out>Hibernate: drop table APPLYJOB cascade constraints
Hibernate: drop table BLOG cascade constraints
Hibernate: drop table BLOGCOMMENT cascade constraints
Hibernate: drop table FORUM cascade constraints
Hibernate: drop table FORUMCOMMENT cascade constraints
Hibernate: drop table JOB cascade constraints
Hibernate: drop table USERDETAIL cascade constraints
Hibernate: drop sequence application_id_seq
Hibernate: drop sequence blog_id_seq
Hibernate: drop sequence blogcomment_id_seq
Hibernate: drop sequence forumcomment_id_seq
Hibernate: drop sequence hibernate_sequence
Hibernate: drop sequence job_id_seq
Hibernate: create sequence application_id_seq start with 1 increment by 50
Hibernate: create sequence blog_id_seq start with 1 increment by 50
Hibernate: create sequence blogcomment_id_seq start with 1 increment by 50
Hibernate: create sequence forumcomment_id_seq start with 1 increment by 50
Hibernate: create sequence hibernate_sequence start with 1 increment by 1
Hibernate: create sequence job_id_seq start with 1 increment by 50
Hibernate: create table APPLYJOB (applicationID number(10,0) not null, applyDate timestamp, userName varchar2(255 char), primary key (applicationID))
Hibernate: create table BLOG (blogID number(10,0) not null, blogContent varchar2(255 char), blogName varchar2(255 char), createDate timestamp, likes number(10,0) not null, status varchar2(255 char), userName varchar2(255 char), primary key (blogID))
Hibernate: create table BLOGCOMMENT (commentID number(10,0) not null, CommentDate timestamp, blogID number(10,0) not null, userName varchar2(255 char), primary key (commentID))
Hibernate: create table FORUM (forumID number(10,0) not null, createDate timestamp, forumContent varchar2(255 char), forumName varchar2(255 char), status varchar2(255 char), username varchar2(255 char), primary key (forumID))
Hibernate: create table FORUMCOMMENT (commentID number(10,0) not null, CommentDate timestamp, forumID number(10,0) not null, userName varchar2(255 char), primary key (commentID))
Hibernate: create table JOB (jobID number(10,0) not null, company varchar2(255 char), jobDesc varchar2(255 char), jobDesignation varchar2(255 char), lastDateApply timestamp, location varchar2(255 char), salary number(10,0) not null, primary key (jobID))
Hibernate: create table USERDETAIL (userName varchar2(255 char) not null, address varchar2(255 char), emailId varchar2(255 char), isOnline varchar2(255 char), mobileNo varchar2(255 char), password varchar2(255 char), role varchar2(255 char), primary key (userName))
Hibernate: select blog0_.blogID as blogID1_1_, blog0_.blogContent as blogContent2_1_, blog0_.blogName as blogName3_1_, blog0_.createDate as createDate4_1_, blog0_.likes as likes5_1_, blog0_.status as status6_1_, blog0_.userName as userName7_1_ from BLOG blog0_ where username=&apos;Amrita&apos;
</system-out>
    <system-err>Mar 29, 2018 12:37:22 PM org.springframework.test.context.support.DefaultTestContextBootstrapper getDefaultTestExecutionListenerClassNames
INFO: Loaded default TestExecutionListener class names from location [META-INF/spring.factories]: [org.springframework.test.context.web.ServletTestExecutionListener, org.springframework.test.context.support.DirtiesContextBeforeModesTestExecutionListener, org.springframework.test.context.support.DependencyInjectionTestExecutionListener, org.springframework.test.context.support.DirtiesContextTestExecutionListener, org.springframework.test.context.transaction.TransactionalTestExecutionListener, org.springframework.test.context.jdbc.SqlScriptsTestExecutionListener]
Mar 29, 2018 12:37:22 PM org.springframework.test.context.support.DefaultTestContextBootstrapper getTestExecutionListeners
INFO: Using TestExecutionListeners: [org.springframework.test.context.support.DirtiesContextBeforeModesTestExecutionListener@cb5822, org.springframework.test.context.support.DependencyInjectionTestExecutionListener@4b9e13df, org.springframework.test.context.support.DirtiesContextTestExecutionListener@2b98378d, org.springframework.test.context.transaction.TransactionalTestExecutionListener@475530b9, org.springframework.test.context.jdbc.SqlScriptsTestExecutionListener@1d057a39]
Mar 29, 2018 12:37:22 PM org.springframework.context.support.GenericApplicationContext prepareRefresh
INFO: Refreshing org.springframework.context.support.GenericApplicationContext@e45f292: startup date [Thu Mar 29 12:37:22 IST 2018]; root of context hierarchy
Mar 29, 2018 12:37:23 PM org.hibernate.Version logVersion
INFO: HHH000412: Hibernate Core {5.2.10.Final}
Mar 29, 2018 12:37:23 PM org.hibernate.cfg.Environment &lt;clinit&gt;
INFO: HHH000206: hibernate.properties not found
Mar 29, 2018 12:37:23 PM org.hibernate.annotations.common.reflection.java.JavaReflectionManager &lt;clinit&gt;
INFO: HCANN000001: Hibernate Commons Annotations {5.0.1.Final}
Mar 29, 2018 12:37:23 PM org.hibernate.dialect.Dialect &lt;init&gt;
INFO: HHH000400: Using dialect: org.hibernate.dialect.Oracle10gDialect
Mar 29, 2018 12:37:24 PM org.hibernate.validator.internal.util.Version &lt;clinit&gt;
INFO: HV000001: Hibernate Validator 5.2.0.Final
Mar 29, 2018 12:37:24 PM org.hibernate.tool.schema.internal.SchemaCreatorImpl applyImportSources
INFO: HHH000476: Executing import script &apos;org.hibernate.tool.schema.internal.exec.ScriptSourceInputNonExistentImpl@4393593c&apos;
Mar 29, 2018 12:37:24 PM org.springframework.orm.hibernate5.HibernateTransactionManager afterPropertiesSet
INFO: Using DataSource [org.apache.commons.dbcp2.BasicDataSource@1f97cf0d] of Hibernate SessionFactory for HibernateTransactionManager
Mar 29, 2018 12:37:25 PM org.hibernate.hql.internal.QueryTranslatorFactoryInitiator initiateService
INFO: HHH000397: Using ASTQueryTranslatorFactory
</system-err>
  </testcase>
  <testcase classname="com.niit.FreyaBackend.BlogTest" name="testAddBlog" time="0.041"/>
</testsuite>